<?xml version="1.0" encoding="UTF-8"?>
<!-- Generated by org.testng.reporters.JUnitXMLReporter -->
<testsuite ignored="0" hostname="LAPTOP-BT0O8U0O" failures="0" tests="3" name="Default test" time="61.937" errors="0" timestamp="17 Dec 2020 02:23:16 GMT">
  <testcase classname="Selenium.test.HolidayShopping" name="mainPageTest" time="12.111"/>
  <testcase classname="Selenium.test.HolidayShopping" name="filterByColorTest" time="1.501"/>
  <testcase classname="Selenium.test.HolidayShopping" name="produceDetailsTest" time="1.561"/>
</testsuite> <!-- Default test -->
