<?xml version="1.0" encoding="UTF-8"?>
<!-- Generated by org.testng.reporters.JUnitXMLReporter -->
<testsuite ignored="0" hostname="LAPTOP-BT0O8U0O" failures="0" tests="3" name="Command line test" time="63.29" errors="0" timestamp="17 Dec 2020 02:18:53 GMT">
  <testcase classname="Selenium.test.HolidayShoppingTest" name="mainPageTest" time="12.167"/>
  <testcase classname="Selenium.test.HolidayShoppingTest" name="filterByColorTest" time="1.532"/>
  <testcase classname="Selenium.test.HolidayShoppingTest" name="produceDetailsTest" time="1.686"/>
</testsuite> <!-- Command line test -->
